<?xml version="1.0" encoding="UTF-8"?>
<coverage generated="1657736813264" clover="3.2.0">
  <project timestamp="1657736813265" name="All files">
    <metrics statements="136" coveredstatements="93" conditionals="24" coveredconditionals="14" methods="40" coveredmethods="32" elements="200" coveredelements="139" complexity="0" loc="136" ncloc="136" packages="1" files="5" classes="5"/>
    <file name="display.js" path="/home/elizabethrpinero/ODIN/repos/battleship/src/display.js">
      <metrics statements="37" coveredstatements="3" conditionals="2" coveredconditionals="0" methods="5" coveredmethods="0"/>
      <line num="1" count="2" type="stmt"/>
      <line num="2" count="0" type="stmt"/>
      <line num="4" count="0" type="stmt"/>
      <line num="5" count="0" type="stmt"/>
      <line num="6" count="0" type="stmt"/>
      <line num="7" count="0" type="stmt"/>
      <line num="8" count="0" type="cond" truecount="0" falsecount="2"/>
      <line num="9" count="0" type="stmt"/>
      <line num="11" count="0" type="stmt"/>
      <line num="12" count="0" type="stmt"/>
      <line num="17" count="0" type="stmt"/>
      <line num="18" count="0" type="stmt"/>
      <line num="19" count="0" type="stmt"/>
      <line num="20" count="0" type="stmt"/>
      <line num="21" count="0" type="stmt"/>
      <line num="22" count="0" type="stmt"/>
      <line num="23" count="0" type="stmt"/>
      <line num="25" count="0" type="stmt"/>
      <line num="26" count="0" type="stmt"/>
      <line num="27" count="0" type="stmt"/>
      <line num="28" count="0" type="stmt"/>
      <line num="31" count="0" type="stmt"/>
      <line num="32" count="0" type="stmt"/>
      <line num="33" count="0" type="stmt"/>
      <line num="34" count="0" type="stmt"/>
      <line num="36" count="0" type="stmt"/>
      <line num="37" count="0" type="stmt"/>
      <line num="39" count="0" type="stmt"/>
      <line num="40" count="0" type="stmt"/>
      <line num="42" count="0" type="stmt"/>
      <line num="43" count="0" type="stmt"/>
      <line num="45" count="0" type="stmt"/>
      <line num="46" count="0" type="stmt"/>
      <line num="48" count="0" type="stmt"/>
      <line num="50" count="2" type="stmt"/>
      <line num="53" count="2" type="stmt"/>
      <line num="54" count="0" type="stmt"/>
    </file>
    <file name="game-end.js" path="/home/elizabethrpinero/ODIN/repos/battleship/src/game-end.js">
      <metrics statements="3" coveredstatements="1" conditionals="1" coveredconditionals="0" methods="1" coveredmethods="0"/>
      <line num="3" count="3" type="cond" truecount="0" falsecount="1"/>
      <line num="4" count="0" type="stmt"/>
      <line num="5" count="0" type="stmt"/>
    </file>
    <file name="gameboard.js" path="/home/elizabethrpinero/ODIN/repos/battleship/src/gameboard.js">
      <metrics statements="50" coveredstatements="49" conditionals="8" coveredconditionals="8" methods="15" coveredmethods="13"/>
      <line num="5" count="2" type="stmt"/>
      <line num="6" count="8" type="stmt"/>
      <line num="7" count="3" type="stmt"/>
      <line num="8" count="1" type="stmt"/>
      <line num="9" count="1" type="stmt"/>
      <line num="11" count="3" type="stmt"/>
      <line num="13" count="3" type="stmt"/>
      <line num="14" count="2" type="stmt"/>
      <line num="15" count="2" type="stmt"/>
      <line num="16" count="2" type="stmt"/>
      <line num="17" count="2" type="stmt"/>
      <line num="18" count="2" type="cond" truecount="2" falsecount="0"/>
      <line num="21" count="1" type="stmt"/>
      <line num="24" count="3" type="stmt"/>
      <line num="30" count="8" type="stmt"/>
      <line num="31" count="5" type="stmt"/>
      <line num="32" count="1" type="stmt"/>
      <line num="33" count="1" type="stmt"/>
      <line num="35" count="5" type="stmt"/>
      <line num="36" count="0" type="stmt"/>
      <line num="38" count="5" type="stmt"/>
      <line num="39" count="4" type="stmt"/>
      <line num="40" count="4" type="stmt"/>
      <line num="41" count="4" type="stmt"/>
      <line num="42" count="4" type="stmt"/>
      <line num="43" count="4" type="cond" truecount="2" falsecount="0"/>
      <line num="45" count="1" type="stmt"/>
      <line num="47" count="5" type="stmt"/>
      <line num="54" count="8" type="stmt"/>
      <line num="56" count="6" type="stmt"/>
      <line num="57" count="4" type="stmt"/>
      <line num="58" count="4" type="stmt"/>
      <line num="59" count="4" type="stmt"/>
      <line num="62" count="6" type="stmt"/>
      <line num="63" count="2" type="stmt"/>
      <line num="64" count="2" type="stmt"/>
      <line num="67" count="6" type="stmt"/>
      <line num="73" count="8" type="stmt"/>
      <line num="74" count="6" type="stmt"/>
      <line num="76" count="6" type="stmt"/>
      <line num="77" count="15" type="stmt"/>
      <line num="78" count="9" type="cond" truecount="2" falsecount="0"/>
      <line num="79" count="2" type="stmt"/>
      <line num="82" count="7" type="stmt"/>
      <line num="85" count="15" type="stmt"/>
      <line num="88" count="6" type="cond" truecount="2" falsecount="0"/>
      <line num="90" count="4" type="stmt"/>
      <line num="91" count="4" type="stmt"/>
      <line num="95" count="2" type="stmt"/>
      <line num="98" count="8" type="stmt"/>
    </file>
    <file name="player.js" path="/home/elizabethrpinero/ODIN/repos/battleship/src/player.js">
      <metrics statements="19" coveredstatements="18" conditionals="7" coveredconditionals="5" methods="7" coveredmethods="7"/>
      <line num="4" count="11" type="stmt"/>
      <line num="5" count="11" type="cond" truecount="1" falsecount="0"/>
      <line num="6" count="10" type="stmt"/>
      <line num="7" count="4" type="stmt"/>
      <line num="8" count="4" type="cond" truecount="1" falsecount="1"/>
      <line num="9" count="0" type="stmt"/>
      <line num="11" count="4" type="stmt"/>
      <line num="13" count="10" type="stmt"/>
      <line num="14" count="2" type="stmt"/>
      <line num="16" count="10" type="stmt"/>
      <line num="17" count="10" type="stmt"/>
      <line num="22" count="11" type="stmt"/>
      <line num="23" count="1" type="stmt"/>
      <line num="24" count="1" type="stmt"/>
      <line num="26" count="1" type="stmt"/>
      <line num="27" count="1" type="stmt"/>
      <line num="31" count="11" type="stmt"/>
      <line num="32" count="1" type="cond" truecount="1" falsecount="1"/>
      <line num="34" count="11" type="stmt"/>
    </file>
    <file name="ship.js" path="/home/elizabethrpinero/ODIN/repos/battleship/src/ship.js">
      <metrics statements="27" coveredstatements="22" conditionals="6" coveredconditionals="1" methods="12" coveredmethods="12"/>
      <line num="6" count="45" type="stmt"/>
      <line num="7" count="20" type="stmt"/>
      <line num="8" count="4" type="stmt"/>
      <line num="9" count="4" type="stmt"/>
      <line num="11" count="45" type="stmt"/>
      <line num="12" count="4" type="cond" truecount="1" falsecount="1"/>
      <line num="13" count="0" type="stmt"/>
      <line num="14" count="0" type="stmt"/>
      <line num="16" count="0" type="stmt"/>
      <line num="18" count="0" type="cond" truecount="0" falsecount="2"/>
      <line num="19" count="0" type="stmt"/>
      <line num="22" count="4" type="stmt"/>
      <line num="24" count="45" type="cond" truecount="0" falsecount="2"/>
      <line num="25" count="10" type="stmt"/>
      <line num="26" count="2" type="stmt"/>
      <line num="27" count="2" type="stmt"/>
      <line num="30" count="45" type="stmt"/>
      <line num="40" count="45" type="stmt"/>
      <line num="43" count="3" type="stmt"/>
      <line num="44" count="8" type="stmt"/>
      <line num="45" count="8" type="stmt"/>
      <line num="46" count="8" type="stmt"/>
      <line num="47" count="8" type="stmt"/>
      <line num="48" count="8" type="stmt"/>
      <line num="50" count="4" type="stmt"/>
      <line num="51" count="4" type="stmt"/>
      <line num="53" count="4" type="stmt"/>
    </file>
  </project>
</coverage>
