{"/home/elizabethrpinero/ODIN/repos/battleship/src/display.js": {"path":"/home/elizabethrpinero/ODIN/repos/battleship/src/display.js","statementMap":{"0":{"start":{"line":1,"column":22},"end":{"line":14,"column":1}},"1":{"start":{"line":2,"column":22},"end":{"line":2,"column":57}},"2":{"start":{"line":4,"column":4},"end":{"line":13,"column":5}},"3":{"start":{"line":4,"column":14},"end":{"line":4,"column":15}},"4":{"start":{"line":5,"column":20},"end":{"line":5,"column":49}},"5":{"start":{"line":6,"column":8},"end":{"line":6,"column":42}},"6":{"start":{"line":7,"column":16},"end":{"line":7,"column":18}},"7":{"start":{"line":8,"column":8},"end":{"line":9,"column":19}},"8":{"start":{"line":8,"column":37},"end":{"line":8,"column":43}},"9":{"start":{"line":9,"column":13},"end":{"line":9,"column":19}},"10":{"start":{"line":11,"column":8},"end":{"line":11,"column":43}},"11":{"start":{"line":12,"column":8},"end":{"line":12,"column":35}},"12":{"start":{"line":17,"column":21},"end":{"line":17,"column":51}},"13":{"start":{"line":18,"column":26},"end":{"line":18,"column":55}},"14":{"start":{"line":19,"column":8},"end":{"line":19,"column":53}},"15":{"start":{"line":20,"column":23},"end":{"line":20,"column":52}},"16":{"start":{"line":21,"column":8},"end":{"line":21,"column":47}},"17":{"start":{"line":22,"column":21},"end":{"line":22,"column":50}},"18":{"start":{"line":23,"column":8},"end":{"line":23,"column":43}},"19":{"start":{"line":25,"column":30},"end":{"line":25,"column":59}},"20":{"start":{"line":26,"column":8},"end":{"line":26,"column":62}},"21":{"start":{"line":27,"column":28},"end":{"line":27,"column":57}},"22":{"start":{"line":28,"column":8},"end":{"line":28,"column":58}},"23":{"start":{"line":31,"column":32},"end":{"line":31,"column":61}},"24":{"start":{"line":32,"column":8},"end":{"line":32,"column":66}},"25":{"start":{"line":33,"column":30},"end":{"line":33,"column":59}},"26":{"start":{"line":34,"column":8},"end":{"line":34,"column":62}},"27":{"start":{"line":36,"column":21},"end":{"line":36,"column":53}},"28":{"start":{"line":37,"column":8},"end":{"line":37,"column":40}},"29":{"start":{"line":39,"column":8},"end":{"line":39,"column":47}},"30":{"start":{"line":40,"column":8},"end":{"line":40,"column":51}},"31":{"start":{"line":42,"column":8},"end":{"line":42,"column":40}},"32":{"start":{"line":43,"column":8},"end":{"line":43,"column":42}},"33":{"start":{"line":45,"column":8},"end":{"line":45,"column":38}},"34":{"start":{"line":46,"column":8},"end":{"line":46,"column":36}},"35":{"start":{"line":48,"column":8},"end":{"line":48,"column":36}},"36":{"start":{"line":50,"column":16},"end":{"line":52,"column":1}},"37":{"start":{"line":53,"column":27},"end":{"line":55,"column":1}},"38":{"start":{"line":54,"column":4},"end":{"line":54,"column":54}},"39":{"start":{"line":54,"column":26},"end":{"line":54,"column":52}}},"fnMap":{"0":{"name":"(anonymous_0)","decl":{"start":{"line":1,"column":22},"end":{"line":1,"column":23}},"loc":{"start":{"line":1,"column":33},"end":{"line":14,"column":1}},"line":1},"1":{"name":"display","decl":{"start":{"line":16,"column":13},"end":{"line":16,"column":20}},"loc":{"start":{"line":16,"column":23},"end":{"line":49,"column":1}},"line":16},"2":{"name":"(anonymous_2)","decl":{"start":{"line":50,"column":16},"end":{"line":50,"column":17}},"loc":{"start":{"line":50,"column":22},"end":{"line":52,"column":1}},"line":50},"3":{"name":"(anonymous_3)","decl":{"start":{"line":53,"column":27},"end":{"line":53,"column":28}},"loc":{"start":{"line":53,"column":38},"end":{"line":55,"column":1}},"line":53},"4":{"name":"(anonymous_4)","decl":{"start":{"line":54,"column":18},"end":{"line":54,"column":19}},"loc":{"start":{"line":54,"column":26},"end":{"line":54,"column":52}},"line":54}},"branchMap":{"0":{"loc":{"start":{"line":8,"column":8},"end":{"line":9,"column":19}},"type":"if","locations":[{"start":{"line":8,"column":8},"end":{"line":9,"column":19}},{"start":{"line":9,"column":13},"end":{"line":9,"column":19}}],"line":8}},"s":{"0":2,"1":0,"2":0,"3":0,"4":0,"5":0,"6":0,"7":0,"8":0,"9":0,"10":0,"11":0,"12":0,"13":0,"14":0,"15":0,"16":0,"17":0,"18":0,"19":0,"20":0,"21":0,"22":0,"23":0,"24":0,"25":0,"26":0,"27":0,"28":0,"29":0,"30":0,"31":0,"32":0,"33":0,"34":0,"35":0,"36":2,"37":2,"38":0,"39":0},"f":{"0":0,"1":0,"2":0,"3":0,"4":0},"b":{"0":[0,0]},"_coverageSchema":"1a1c01bbd47fc00a2c39e90264f33305004495a9","hash":"33d0384036e3613dda24a0d2b0da8dd358eb2c57"}
,"/home/elizabethrpinero/ODIN/repos/battleship/src/game-end.js": {"path":"/home/elizabethrpinero/ODIN/repos/battleship/src/game-end.js","statementMap":{"0":{"start":{"line":3,"column":16},"end":{"line":6,"column":1}},"1":{"start":{"line":4,"column":4},"end":{"line":4,"column":35}},"2":{"start":{"line":5,"column":4},"end":{"line":5,"column":16}}},"fnMap":{"0":{"name":"(anonymous_0)","decl":{"start":{"line":3,"column":16},"end":{"line":3,"column":17}},"loc":{"start":{"line":3,"column":39},"end":{"line":6,"column":1}},"line":3}},"branchMap":{"0":{"loc":{"start":{"line":3,"column":17},"end":{"line":3,"column":34}},"type":"default-arg","locations":[{"start":{"line":3,"column":26},"end":{"line":3,"column":34}}],"line":3}},"s":{"0":3,"1":0,"2":0},"f":{"0":0},"b":{"0":[0]},"_coverageSchema":"1a1c01bbd47fc00a2c39e90264f33305004495a9","hash":"c138eac623f19be7cad51743c62e2e5de08d007a"}
,"/home/elizabethrpinero/ODIN/repos/battleship/src/gameboard.js": {"path":"/home/elizabethrpinero/ODIN/repos/battleship/src/gameboard.js","statementMap":{"0":{"start":{"line":5,"column":18},"end":{"line":102,"column":1}},"1":{"start":{"line":6,"column":26},"end":{"line":29,"column":5}},"2":{"start":{"line":7,"column":28},"end":{"line":10,"column":9}},"3":{"start":{"line":8,"column":29},"end":{"line":8,"column":32}},"4":{"start":{"line":9,"column":12},"end":{"line":9,"column":59}},"5":{"start":{"line":11,"column":26},"end":{"line":11,"column":63}},"6":{"start":{"line":11,"column":32},"end":{"line":11,"column":63}},"7":{"start":{"line":13,"column":30},"end":{"line":22,"column":9}},"8":{"start":{"line":14,"column":12},"end":{"line":14,"column":49}},"9":{"start":{"line":15,"column":23},"end":{"line":15,"column":43}},"10":{"start":{"line":16,"column":25},"end":{"line":16,"column":38}},"11":{"start":{"line":17,"column":27},"end":{"line":17,"column":38}},"12":{"start":{"line":18,"column":12},"end":{"line":18,"column":56}},"13":{"start":{"line":18,"column":44},"end":{"line":18,"column":56}},"14":{"start":{"line":21,"column":12},"end":{"line":21,"column":65}},"15":{"start":{"line":24,"column":8},"end":{"line":28,"column":9}},"16":{"start":{"line":30,"column":24},"end":{"line":52,"column":5}},"17":{"start":{"line":31,"column":28},"end":{"line":34,"column":9}},"18":{"start":{"line":32,"column":29},"end":{"line":32,"column":32}},"19":{"start":{"line":33,"column":12},"end":{"line":33,"column":59}},"20":{"start":{"line":35,"column":26},"end":{"line":37,"column":9}},"21":{"start":{"line":36,"column":12},"end":{"line":36,"column":42}},"22":{"start":{"line":38,"column":30},"end":{"line":46,"column":9}},"23":{"start":{"line":39,"column":12},"end":{"line":39,"column":51}},"24":{"start":{"line":40,"column":23},"end":{"line":40,"column":43}},"25":{"start":{"line":41,"column":25},"end":{"line":41,"column":38}},"26":{"start":{"line":42,"column":27},"end":{"line":42,"column":38}},"27":{"start":{"line":43,"column":12},"end":{"line":43,"column":56}},"28":{"start":{"line":43,"column":44},"end":{"line":43,"column":56}},"29":{"start":{"line":45,"column":12},"end":{"line":45,"column":65}},"30":{"start":{"line":47,"column":8},"end":{"line":51,"column":9}},"31":{"start":{"line":54,"column":23},"end":{"line":71,"column":5}},"32":{"start":{"line":56,"column":33},"end":{"line":60,"column":9}},"33":{"start":{"line":57,"column":34},"end":{"line":57,"column":36}},"34":{"start":{"line":58,"column":12},"end":{"line":58,"column":39}},"35":{"start":{"line":59,"column":12},"end":{"line":59,"column":48}},"36":{"start":{"line":62,"column":31},"end":{"line":65,"column":9}},"37":{"start":{"line":63,"column":34},"end":{"line":63,"column":36}},"38":{"start":{"line":64,"column":12},"end":{"line":64,"column":39}},"39":{"start":{"line":67,"column":8},"end":{"line":70,"column":9}},"40":{"start":{"line":73,"column":24},"end":{"line":97,"column":5}},"41":{"start":{"line":74,"column":32},"end":{"line":74,"column":34}},"42":{"start":{"line":76,"column":24},"end":{"line":86,"column":10}},"43":{"start":{"line":77,"column":12},"end":{"line":84,"column":14}},"44":{"start":{"line":78,"column":16},"end":{"line":83,"column":17}},"45":{"start":{"line":79,"column":20},"end":{"line":79,"column":35}},"46":{"start":{"line":82,"column":20},"end":{"line":82,"column":27}},"47":{"start":{"line":85,"column":12},"end":{"line":85,"column":36}},"48":{"start":{"line":88,"column":8},"end":{"line":93,"column":9}},"49":{"start":{"line":90,"column":12},"end":{"line":90,"column":44}},"50":{"start":{"line":91,"column":12},"end":{"line":91,"column":37}},"51":{"start":{"line":95,"column":8},"end":{"line":95,"column":26}},"52":{"start":{"line":98,"column":4},"end":{"line":101,"column":5}}},"fnMap":{"0":{"name":"(anonymous_0)","decl":{"start":{"line":5,"column":18},"end":{"line":5,"column":19}},"loc":{"start":{"line":5,"column":34},"end":{"line":102,"column":1}},"line":5},"1":{"name":"(anonymous_1)","decl":{"start":{"line":6,"column":26},"end":{"line":6,"column":27}},"loc":{"start":{"line":6,"column":32},"end":{"line":29,"column":5}},"line":6},"2":{"name":"(anonymous_2)","decl":{"start":{"line":7,"column":28},"end":{"line":7,"column":29}},"loc":{"start":{"line":7,"column":43},"end":{"line":10,"column":9}},"line":7},"3":{"name":"(anonymous_3)","decl":{"start":{"line":11,"column":26},"end":{"line":11,"column":27}},"loc":{"start":{"line":11,"column":32},"end":{"line":11,"column":63}},"line":11},"4":{"name":"(anonymous_4)","decl":{"start":{"line":13,"column":30},"end":{"line":13,"column":31}},"loc":{"start":{"line":13,"column":43},"end":{"line":22,"column":9}},"line":13},"5":{"name":"(anonymous_5)","decl":{"start":{"line":30,"column":24},"end":{"line":30,"column":25}},"loc":{"start":{"line":30,"column":30},"end":{"line":52,"column":5}},"line":30},"6":{"name":"(anonymous_6)","decl":{"start":{"line":31,"column":28},"end":{"line":31,"column":29}},"loc":{"start":{"line":31,"column":43},"end":{"line":34,"column":9}},"line":31},"7":{"name":"(anonymous_7)","decl":{"start":{"line":35,"column":26},"end":{"line":35,"column":27}},"loc":{"start":{"line":35,"column":32},"end":{"line":37,"column":9}},"line":35},"8":{"name":"(anonymous_8)","decl":{"start":{"line":38,"column":30},"end":{"line":38,"column":31}},"loc":{"start":{"line":38,"column":43},"end":{"line":46,"column":9}},"line":38},"9":{"name":"(anonymous_9)","decl":{"start":{"line":54,"column":23},"end":{"line":54,"column":24}},"loc":{"start":{"line":54,"column":33},"end":{"line":71,"column":5}},"line":54},"10":{"name":"(anonymous_10)","decl":{"start":{"line":56,"column":33},"end":{"line":56,"column":34}},"loc":{"start":{"line":56,"column":39},"end":{"line":60,"column":9}},"line":56},"11":{"name":"(anonymous_11)","decl":{"start":{"line":62,"column":31},"end":{"line":62,"column":32}},"loc":{"start":{"line":62,"column":37},"end":{"line":65,"column":9}},"line":62},"12":{"name":"(anonymous_12)","decl":{"start":{"line":73,"column":24},"end":{"line":73,"column":25}},"loc":{"start":{"line":73,"column":37},"end":{"line":97,"column":5}},"line":73},"13":{"name":"(anonymous_13)","decl":{"start":{"line":76,"column":42},"end":{"line":76,"column":43}},"loc":{"start":{"line":76,"column":50},"end":{"line":86,"column":9}},"line":76},"14":{"name":"(anonymous_14)","decl":{"start":{"line":77,"column":37},"end":{"line":77,"column":38}},"loc":{"start":{"line":77,"column":44},"end":{"line":84,"column":13}},"line":77}},"branchMap":{"0":{"loc":{"start":{"line":18,"column":12},"end":{"line":18,"column":56}},"type":"if","locations":[{"start":{"line":18,"column":12},"end":{"line":18,"column":56}},{"start":{},"end":{}}],"line":18},"1":{"loc":{"start":{"line":43,"column":12},"end":{"line":43,"column":56}},"type":"if","locations":[{"start":{"line":43,"column":12},"end":{"line":43,"column":56}},{"start":{},"end":{}}],"line":43},"2":{"loc":{"start":{"line":78,"column":16},"end":{"line":83,"column":17}},"type":"if","locations":[{"start":{"line":78,"column":16},"end":{"line":83,"column":17}},{"start":{"line":81,"column":21},"end":{"line":83,"column":17}}],"line":78},"3":{"loc":{"start":{"line":88,"column":8},"end":{"line":93,"column":9}},"type":"if","locations":[{"start":{"line":88,"column":8},"end":{"line":93,"column":9}},{"start":{},"end":{}}],"line":88}},"s":{"0":2,"1":8,"2":3,"3":1,"4":1,"5":3,"6":0,"7":3,"8":2,"9":2,"10":2,"11":2,"12":2,"13":1,"14":1,"15":3,"16":8,"17":5,"18":1,"19":1,"20":5,"21":0,"22":5,"23":4,"24":4,"25":4,"26":4,"27":4,"28":3,"29":1,"30":5,"31":8,"32":6,"33":4,"34":4,"35":4,"36":6,"37":2,"38":2,"39":6,"40":8,"41":6,"42":6,"43":15,"44":9,"45":2,"46":7,"47":15,"48":6,"49":4,"50":4,"51":2,"52":8},"f":{"0":8,"1":3,"2":1,"3":0,"4":2,"5":5,"6":1,"7":0,"8":4,"9":6,"10":4,"11":2,"12":6,"13":15,"14":9},"b":{"0":[1,1],"1":[3,1],"2":[2,7],"3":[4,2]},"_coverageSchema":"1a1c01bbd47fc00a2c39e90264f33305004495a9","hash":"3dc37f89fa3993e915c52dd09903856dd0f2cfef"}
,"/home/elizabethrpinero/ODIN/repos/battleship/src/player.js": {"path":"/home/elizabethrpinero/ODIN/repos/battleship/src/player.js","statementMap":{"0":{"start":{"line":4,"column":19},"end":{"line":4,"column":23}},"1":{"start":{"line":5,"column":21},"end":{"line":21,"column":5}},"2":{"start":{"line":6,"column":26},"end":{"line":12,"column":9}},"3":{"start":{"line":7,"column":22},"end":{"line":7,"column":61}},"4":{"start":{"line":8,"column":12},"end":{"line":10,"column":13}},"5":{"start":{"line":9,"column":16},"end":{"line":9,"column":28}},"6":{"start":{"line":11,"column":12},"end":{"line":11,"column":23}},"7":{"start":{"line":13,"column":27},"end":{"line":15,"column":9}},"8":{"start":{"line":14,"column":12},"end":{"line":14,"column":81}},"9":{"start":{"line":16,"column":8},"end":{"line":16,"column":24}},"10":{"start":{"line":17,"column":8},"end":{"line":20,"column":9}},"11":{"start":{"line":22,"column":19},"end":{"line":30,"column":5}},"12":{"start":{"line":23,"column":29},"end":{"line":25,"column":9}},"13":{"start":{"line":24,"column":12},"end":{"line":24,"column":78}},"14":{"start":{"line":26,"column":8},"end":{"line":26,"column":25}},"15":{"start":{"line":27,"column":8},"end":{"line":29,"column":9}},"16":{"start":{"line":31,"column":23},"end":{"line":33,"column":5}},"17":{"start":{"line":32,"column":8},"end":{"line":32,"column":104}},"18":{"start":{"line":34,"column":4},"end":{"line":38,"column":5}}},"fnMap":{"0":{"name":"Players","decl":{"start":{"line":3,"column":9},"end":{"line":3,"column":16}},"loc":{"start":{"line":3,"column":51},"end":{"line":39,"column":1}},"line":3},"1":{"name":"(anonymous_1)","decl":{"start":{"line":5,"column":21},"end":{"line":5,"column":22}},"loc":{"start":{"line":5,"column":49},"end":{"line":21,"column":5}},"line":5},"2":{"name":"(anonymous_2)","decl":{"start":{"line":6,"column":26},"end":{"line":6,"column":27}},"loc":{"start":{"line":6,"column":32},"end":{"line":12,"column":9}},"line":6},"3":{"name":"(anonymous_3)","decl":{"start":{"line":13,"column":27},"end":{"line":13,"column":28}},"loc":{"start":{"line":13,"column":36},"end":{"line":15,"column":9}},"line":13},"4":{"name":"(anonymous_4)","decl":{"start":{"line":22,"column":19},"end":{"line":22,"column":20}},"loc":{"start":{"line":22,"column":25},"end":{"line":30,"column":5}},"line":22},"5":{"name":"(anonymous_5)","decl":{"start":{"line":23,"column":29},"end":{"line":23,"column":30}},"loc":{"start":{"line":23,"column":41},"end":{"line":25,"column":9}},"line":23},"6":{"name":"(anonymous_6)","decl":{"start":{"line":31,"column":23},"end":{"line":31,"column":24}},"loc":{"start":{"line":31,"column":35},"end":{"line":33,"column":5}},"line":31}},"branchMap":{"0":{"loc":{"start":{"line":3,"column":17},"end":{"line":3,"column":31}},"type":"default-arg","locations":[{"start":{"line":3,"column":29},"end":{"line":3,"column":31}}],"line":3},"1":{"loc":{"start":{"line":3,"column":33},"end":{"line":3,"column":49}},"type":"default-arg","locations":[{"start":{"line":3,"column":47},"end":{"line":3,"column":49}}],"line":3},"2":{"loc":{"start":{"line":5,"column":22},"end":{"line":5,"column":44}},"type":"default-arg","locations":[{"start":{"line":5,"column":42},"end":{"line":5,"column":44}}],"line":5},"3":{"loc":{"start":{"line":8,"column":12},"end":{"line":10,"column":13}},"type":"if","locations":[{"start":{"line":8,"column":12},"end":{"line":10,"column":13}},{"start":{},"end":{}}],"line":8},"4":{"loc":{"start":{"line":32,"column":15},"end":{"line":32,"column":103}},"type":"cond-expr","locations":[{"start":{"line":32,"column":26},"end":{"line":32,"column":55}},{"start":{"line":32,"column":58},"end":{"line":32,"column":103}}],"line":32}},"s":{"0":11,"1":11,"2":10,"3":4,"4":4,"5":0,"6":4,"7":10,"8":2,"9":10,"10":10,"11":11,"12":1,"13":1,"14":1,"15":1,"16":11,"17":1,"18":11},"f":{"0":11,"1":10,"2":4,"3":2,"4":1,"5":1,"6":1},"b":{"0":[11],"1":[11],"2":[5],"3":[0,4],"4":[1,0]},"_coverageSchema":"1a1c01bbd47fc00a2c39e90264f33305004495a9","hash":"f78c8ad8ecada727991baa340d84f7fea99aedd4"}
,"/home/elizabethrpinero/ODIN/repos/battleship/src/ship.js": {"path":"/home/elizabethrpinero/ODIN/repos/battleship/src/ship.js","statementMap":{"0":{"start":{"line":6,"column":18},"end":{"line":10,"column":5}},"1":{"start":{"line":7,"column":23},"end":{"line":7,"column":78}},"2":{"start":{"line":7,"column":47},"end":{"line":7,"column":77}},"3":{"start":{"line":8,"column":8},"end":{"line":8,"column":38}},"4":{"start":{"line":9,"column":8},"end":{"line":9,"column":47}},"5":{"start":{"line":11,"column":20},"end":{"line":23,"column":5}},"6":{"start":{"line":12,"column":8},"end":{"line":21,"column":9}},"7":{"start":{"line":13,"column":24},"end":{"line":13,"column":51}},"8":{"start":{"line":14,"column":12},"end":{"line":14,"column":33}},"9":{"start":{"line":16,"column":12},"end":{"line":16,"column":39}},"10":{"start":{"line":18,"column":12},"end":{"line":20,"column":13}},"11":{"start":{"line":19,"column":16},"end":{"line":19,"column":26}},"12":{"start":{"line":22,"column":8},"end":{"line":22,"column":24}},"13":{"start":{"line":24,"column":25},"end":{"line":28,"column":5}},"14":{"start":{"line":25,"column":23},"end":{"line":25,"column":78}},"15":{"start":{"line":25,"column":47},"end":{"line":25,"column":77}},"16":{"start":{"line":26,"column":8},"end":{"line":26,"column":43}},"17":{"start":{"line":27,"column":8},"end":{"line":27,"column":27}},"18":{"start":{"line":30,"column":17},"end":{"line":38,"column":5}},"19":{"start":{"line":40,"column":4},"end":{"line":40,"column":16}},"20":{"start":{"line":43,"column":18},"end":{"line":57,"column":1}},"21":{"start":{"line":44,"column":18},"end":{"line":44,"column":42}},"22":{"start":{"line":44,"column":24},"end":{"line":44,"column":42}},"23":{"start":{"line":45,"column":21},"end":{"line":45,"column":48}},"24":{"start":{"line":45,"column":27},"end":{"line":45,"column":48}},"25":{"start":{"line":46,"column":18},"end":{"line":46,"column":42}},"26":{"start":{"line":46,"column":24},"end":{"line":46,"column":42}},"27":{"start":{"line":47,"column":20},"end":{"line":47,"column":46}},"28":{"start":{"line":47,"column":26},"end":{"line":47,"column":46}},"29":{"start":{"line":48,"column":20},"end":{"line":48,"column":46}},"30":{"start":{"line":48,"column":26},"end":{"line":48,"column":46}},"31":{"start":{"line":50,"column":24},"end":{"line":50,"column":88}},"32":{"start":{"line":51,"column":22},"end":{"line":51,"column":86}},"33":{"start":{"line":53,"column":4},"end":{"line":56,"column":5}}},"fnMap":{"0":{"name":"Ship","decl":{"start":{"line":4,"column":9},"end":{"line":4,"column":13}},"loc":{"start":{"line":4,"column":29},"end":{"line":41,"column":1}},"line":4},"1":{"name":"(anonymous_1)","decl":{"start":{"line":6,"column":18},"end":{"line":6,"column":19}},"loc":{"start":{"line":6,"column":38},"end":{"line":10,"column":5}},"line":6},"2":{"name":"(anonymous_2)","decl":{"start":{"line":7,"column":40},"end":{"line":7,"column":41}},"loc":{"start":{"line":7,"column":47},"end":{"line":7,"column":77}},"line":7},"3":{"name":"(anonymous_3)","decl":{"start":{"line":11,"column":20},"end":{"line":11,"column":21}},"loc":{"start":{"line":11,"column":45},"end":{"line":23,"column":5}},"line":11},"4":{"name":"(anonymous_4)","decl":{"start":{"line":24,"column":25},"end":{"line":24,"column":26}},"loc":{"start":{"line":24,"column":60},"end":{"line":28,"column":5}},"line":24},"5":{"name":"(anonymous_5)","decl":{"start":{"line":25,"column":40},"end":{"line":25,"column":41}},"loc":{"start":{"line":25,"column":47},"end":{"line":25,"column":77}},"line":25},"6":{"name":"(anonymous_6)","decl":{"start":{"line":43,"column":18},"end":{"line":43,"column":19}},"loc":{"start":{"line":43,"column":24},"end":{"line":57,"column":1}},"line":43},"7":{"name":"(anonymous_7)","decl":{"start":{"line":44,"column":18},"end":{"line":44,"column":19}},"loc":{"start":{"line":44,"column":24},"end":{"line":44,"column":42}},"line":44},"8":{"name":"(anonymous_8)","decl":{"start":{"line":45,"column":21},"end":{"line":45,"column":22}},"loc":{"start":{"line":45,"column":27},"end":{"line":45,"column":48}},"line":45},"9":{"name":"(anonymous_9)","decl":{"start":{"line":46,"column":18},"end":{"line":46,"column":19}},"loc":{"start":{"line":46,"column":24},"end":{"line":46,"column":42}},"line":46},"10":{"name":"(anonymous_10)","decl":{"start":{"line":47,"column":20},"end":{"line":47,"column":21}},"loc":{"start":{"line":47,"column":26},"end":{"line":47,"column":46}},"line":47},"11":{"name":"(anonymous_11)","decl":{"start":{"line":48,"column":20},"end":{"line":48,"column":21}},"loc":{"start":{"line":48,"column":26},"end":{"line":48,"column":46}},"line":48}},"branchMap":{"0":{"loc":{"start":{"line":12,"column":8},"end":{"line":21,"column":9}},"type":"if","locations":[{"start":{"line":12,"column":8},"end":{"line":21,"column":9}},{"start":{},"end":{}}],"line":12},"1":{"loc":{"start":{"line":18,"column":12},"end":{"line":20,"column":13}},"type":"if","locations":[{"start":{"line":18,"column":12},"end":{"line":20,"column":13}},{"start":{},"end":{}}],"line":18},"2":{"loc":{"start":{"line":24,"column":26},"end":{"line":24,"column":39}},"type":"default-arg","locations":[{"start":{"line":24,"column":37},"end":{"line":24,"column":39}}],"line":24},"3":{"loc":{"start":{"line":24,"column":41},"end":{"line":24,"column":55}},"type":"default-arg","locations":[{"start":{"line":24,"column":53},"end":{"line":24,"column":55}}],"line":24}},"s":{"0":45,"1":4,"2":20,"3":4,"4":4,"5":45,"6":4,"7":0,"8":0,"9":0,"10":0,"11":0,"12":4,"13":45,"14":2,"15":10,"16":2,"17":2,"18":45,"19":45,"20":3,"21":4,"22":8,"23":4,"24":8,"25":4,"26":8,"27":4,"28":8,"29":4,"30":8,"31":4,"32":4,"33":4},"f":{"0":45,"1":4,"2":20,"3":4,"4":2,"5":10,"6":4,"7":8,"8":8,"9":8,"10":8,"11":8},"b":{"0":[0,4],"1":[0,0],"2":[0],"3":[0]},"_coverageSchema":"1a1c01bbd47fc00a2c39e90264f33305004495a9","hash":"e441114aeea5aea93e5186aa93fde19e69e2a538"}
}
