TN:
SF:src/display.js
FN:1,(anonymous_0)
FN:16,display
FN:50,(anonymous_2)
FN:53,(anonymous_3)
FN:54,(anonymous_4)
FNF:5
FNH:0
FNDA:0,(anonymous_0)
FNDA:0,display
FNDA:0,(anonymous_2)
FNDA:0,(anonymous_3)
FNDA:0,(anonymous_4)
DA:1,2
DA:2,0
DA:4,0
DA:5,0
DA:6,0
DA:7,0
DA:8,0
DA:9,0
DA:11,0
DA:12,0
DA:17,0
DA:18,0
DA:19,0
DA:20,0
DA:21,0
DA:22,0
DA:23,0
DA:25,0
DA:26,0
DA:27,0
DA:28,0
DA:31,0
DA:32,0
DA:33,0
DA:34,0
DA:36,0
DA:37,0
DA:39,0
DA:40,0
DA:42,0
DA:43,0
DA:45,0
DA:46,0
DA:48,0
DA:50,2
DA:53,2
DA:54,0
LF:37
LH:3
BRDA:8,0,0,0
BRDA:8,0,1,0
BRF:2
BRH:0
end_of_record
TN:
SF:src/game-end.js
FN:3,(anonymous_0)
FNF:1
FNH:0
FNDA:0,(anonymous_0)
DA:3,3
DA:4,0
DA:5,0
LF:3
LH:1
BRDA:3,0,0,0
BRF:1
BRH:0
end_of_record
TN:
SF:src/gameboard.js
FN:5,(anonymous_0)
FN:6,(anonymous_1)
FN:7,(anonymous_2)
FN:11,(anonymous_3)
FN:13,(anonymous_4)
FN:30,(anonymous_5)
FN:31,(anonymous_6)
FN:35,(anonymous_7)
FN:38,(anonymous_8)
FN:54,(anonymous_9)
FN:56,(anonymous_10)
FN:62,(anonymous_11)
FN:73,(anonymous_12)
FN:76,(anonymous_13)
FN:77,(anonymous_14)
FNF:15
FNH:13
FNDA:8,(anonymous_0)
FNDA:3,(anonymous_1)
FNDA:1,(anonymous_2)
FNDA:0,(anonymous_3)
FNDA:2,(anonymous_4)
FNDA:5,(anonymous_5)
FNDA:1,(anonymous_6)
FNDA:0,(anonymous_7)
FNDA:4,(anonymous_8)
FNDA:6,(anonymous_9)
FNDA:4,(anonymous_10)
FNDA:2,(anonymous_11)
FNDA:6,(anonymous_12)
FNDA:15,(anonymous_13)
FNDA:9,(anonymous_14)
DA:5,2
DA:6,8
DA:7,3
DA:8,1
DA:9,1
DA:11,3
DA:13,3
DA:14,2
DA:15,2
DA:16,2
DA:17,2
DA:18,2
DA:21,1
DA:24,3
DA:30,8
DA:31,5
DA:32,1
DA:33,1
DA:35,5
DA:36,0
DA:38,5
DA:39,4
DA:40,4
DA:41,4
DA:42,4
DA:43,4
DA:45,1
DA:47,5
DA:54,8
DA:56,6
DA:57,4
DA:58,4
DA:59,4
DA:62,6
DA:63,2
DA:64,2
DA:67,6
DA:73,8
DA:74,6
DA:76,6
DA:77,15
DA:78,9
DA:79,2
DA:82,7
DA:85,15
DA:88,6
DA:90,4
DA:91,4
DA:95,2
DA:98,8
LF:50
LH:49
BRDA:18,0,0,1
BRDA:18,0,1,1
BRDA:43,1,0,3
BRDA:43,1,1,1
BRDA:78,2,0,2
BRDA:78,2,1,7
BRDA:88,3,0,4
BRDA:88,3,1,2
BRF:8
BRH:8
end_of_record
TN:
SF:src/player.js
FN:3,Players
FN:5,(anonymous_1)
FN:6,(anonymous_2)
FN:13,(anonymous_3)
FN:22,(anonymous_4)
FN:23,(anonymous_5)
FN:31,(anonymous_6)
FNF:7
FNH:7
FNDA:11,Players
FNDA:10,(anonymous_1)
FNDA:4,(anonymous_2)
FNDA:2,(anonymous_3)
FNDA:1,(anonymous_4)
FNDA:1,(anonymous_5)
FNDA:1,(anonymous_6)
DA:4,11
DA:5,11
DA:6,10
DA:7,4
DA:8,4
DA:9,0
DA:11,4
DA:13,10
DA:14,2
DA:16,10
DA:17,10
DA:22,11
DA:23,1
DA:24,1
DA:26,1
DA:27,1
DA:31,11
DA:32,1
DA:34,11
LF:19
LH:18
BRDA:3,0,0,11
BRDA:3,1,0,11
BRDA:5,2,0,5
BRDA:8,3,0,0
BRDA:8,3,1,4
BRDA:32,4,0,1
BRDA:32,4,1,0
BRF:7
BRH:5
end_of_record
TN:
SF:src/ship.js
FN:4,Ship
FN:6,(anonymous_1)
FN:7,(anonymous_2)
FN:11,(anonymous_3)
FN:24,(anonymous_4)
FN:25,(anonymous_5)
FN:43,(anonymous_6)
FN:44,(anonymous_7)
FN:45,(anonymous_8)
FN:46,(anonymous_9)
FN:47,(anonymous_10)
FN:48,(anonymous_11)
FNF:12
FNH:12
FNDA:45,Ship
FNDA:4,(anonymous_1)
FNDA:20,(anonymous_2)
FNDA:4,(anonymous_3)
FNDA:2,(anonymous_4)
FNDA:10,(anonymous_5)
FNDA:4,(anonymous_6)
FNDA:8,(anonymous_7)
FNDA:8,(anonymous_8)
FNDA:8,(anonymous_9)
FNDA:8,(anonymous_10)
FNDA:8,(anonymous_11)
DA:6,45
DA:7,20
DA:8,4
DA:9,4
DA:11,45
DA:12,4
DA:13,0
DA:14,0
DA:16,0
DA:18,0
DA:19,0
DA:22,4
DA:24,45
DA:25,10
DA:26,2
DA:27,2
DA:30,45
DA:40,45
DA:43,3
DA:44,8
DA:45,8
DA:46,8
DA:47,8
DA:48,8
DA:50,4
DA:51,4
DA:53,4
LF:27
LH:22
BRDA:12,0,0,0
BRDA:12,0,1,4
BRDA:18,1,0,0
BRDA:18,1,1,0
BRDA:24,2,0,0
BRDA:24,3,0,0
BRF:6
BRH:1
end_of_record
